time=2026-05-23T11:57:26.931-04:00 level=INFO msg="unhandled event: uv.PixelSizeEvent{Width:1600, Height:1102}"
time=2026-05-23T11:57:26.940-04:00 level=INFO msg="engine: draining events" raw_events=2 coalesced_events=1 dropped_events=1 batchCounter=1 eventsCounter=2
time=2026-05-23T11:57:26.940-04:00 level=INFO msg="engine: layout phase" viewport="{Width:80 Height:29}"
time=2026-05-23T11:57:26.941-04:00 level=INFO msg="engine: layout complete" duration_ms=0
time=2026-05-23T11:57:26.941-04:00 level=INFO msg="engine: determining cursor for focused target"
time=2026-05-23T11:57:26.941-04:00 level=INFO msg="engine: checking paint phase" flags=132
time=2026-05-23T11:57:26.941-04:00 level=INFO msg="engine: painting main content"
time=2026-05-23T11:57:26.941-04:00 level=INFO msg="engine: frame committed" version=0
time=2026-05-23T11:57:26.941-04:00 level=INFO msg="uv: renderFrame started" width=80 height=29
time=2026-05-23T11:57:26.942-04:00 level=INFO msg="uv: screen.Flush called"
time=2026-05-23T11:57:28.108-04:00 level=INFO msg="engine: draining events" raw_events=1 coalesced_events=1 dropped_events=2 batchCounter=2 eventsCounter=3
time=2026-05-23T11:57:28.108-04:00 level=INFO msg="engine: determining cursor for focused target"
time=2026-05-23T11:57:28.108-04:00 level=INFO msg="engine: checking paint phase" flags=128
time=2026-05-23T11:57:28.108-04:00 level=INFO msg="engine: painting main content"
time=2026-05-23T11:57:28.108-04:00 level=INFO msg="engine: frame committed" version=1
time=2026-05-23T11:57:28.108-04:00 level=INFO msg="uv: renderFrame started" width=80 height=29
time=2026-05-23T11:57:28.108-04:00 level=INFO msg="uv: screen.Flush called"
time=2026-05-23T11:57:28.355-04:00 level=INFO msg="engine: draining events" raw_events=1 coalesced_events=2 dropped_events=2 batchCounter=3 eventsCounter=4
time=2026-05-23T11:57:28.356-04:00 level=INFO msg="engine: layout phase" viewport="{Width:80 Height:29}"
time=2026-05-23T11:57:28.356-04:00 level=INFO msg="engine: layout complete" duration_ms=0
time=2026-05-23T11:57:28.356-04:00 level=INFO msg="engine: determining cursor for focused target"
time=2026-05-23T11:57:28.356-04:00 level=INFO msg="engine: checking paint phase" flags=132
time=2026-05-23T11:57:28.356-04:00 level=INFO msg="engine: painting main content"
time=2026-05-23T11:57:28.356-04:00 level=INFO msg="engine: painting overlay"
time=2026-05-23T11:57:28.357-04:00 level=INFO msg="engine: frame committed" version=2
time=2026-05-23T11:57:28.357-04:00 level=INFO msg="uv: renderFrame started" width=80 height=29
time=2026-05-23T11:57:28.357-04:00 level=INFO msg="uv: screen.Flush called"
time=2026-05-23T11:57:28.916-04:00 level=INFO msg="engine: draining events" raw_events=1 coalesced_events=1 dropped_events=4 batchCounter=4 eventsCounter=5
time=2026-05-23T11:57:28.916-04:00 level=INFO msg="engine: layout phase" viewport="{Width:80 Height:29}"
time=2026-05-23T11:57:28.916-04:00 level=INFO msg="engine: layout complete" duration_ms=0
time=2026-05-23T11:57:28.916-04:00 level=INFO msg="engine: determining cursor for focused target"
time=2026-05-23T11:57:28.916-04:00 level=INFO msg="engine: checking paint phase" flags=132
time=2026-05-23T11:57:28.916-04:00 level=INFO msg="engine: painting main content"
time=2026-05-23T11:57:28.916-04:00 level=INFO msg="engine: frame committed" version=3
time=2026-05-23T11:57:28.916-04:00 level=INFO msg="uv: renderFrame started" width=80 height=29
time=2026-05-23T11:57:28.916-04:00 level=INFO msg="uv: screen.Flush called"
time=2026-05-23T11:57:29.084-04:00 level=INFO msg="engine: draining events" raw_events=1 coalesced_events=2 dropped_events=4 batchCounter=5 eventsCounter=6
time=2026-05-23T11:57:29.084-04:00 level=INFO msg="engine: layout phase" viewport="{Width:80 Height:29}"
time=2026-05-23T11:57:29.084-04:00 level=INFO msg="engine: layout complete" duration_ms=0
time=2026-05-23T11:57:29.084-04:00 level=INFO msg="engine: determining cursor for focused target"
time=2026-05-23T11:57:29.084-04:00 level=INFO msg="engine: checking paint phase" flags=132
time=2026-05-23T11:57:29.084-04:00 level=INFO msg="engine: painting main content"
time=2026-05-23T11:57:29.084-04:00 level=INFO msg="engine: painting overlay"
time=2026-05-23T11:57:29.084-04:00 level=INFO msg="engine: frame committed" version=4
time=2026-05-23T11:57:29.084-04:00 level=INFO msg="uv: renderFrame started" width=80 height=29
time=2026-05-23T11:57:29.084-04:00 level=INFO msg="uv: screen.Flush called"
time=2026-05-23T11:57:29.716-04:00 level=INFO msg="engine: draining events" raw_events=1 coalesced_events=1 dropped_events=6 batchCounter=6 eventsCounter=7
time=2026-05-23T11:57:29.716-04:00 level=INFO msg="engine: layout phase" viewport="{Width:80 Height:29}"
time=2026-05-23T11:57:29.716-04:00 level=INFO msg="engine: layout complete" duration_ms=0
time=2026-05-23T11:57:29.716-04:00 level=INFO msg="engine: determining cursor for focused target"
time=2026-05-23T11:57:29.716-04:00 level=INFO msg="engine: checking paint phase" flags=132
time=2026-05-23T11:57:29.716-04:00 level=INFO msg="engine: painting main content"
time=2026-05-23T11:57:29.717-04:00 level=INFO msg="engine: frame committed" version=5
time=2026-05-23T11:57:29.717-04:00 level=INFO msg="uv: renderFrame started" width=80 height=29
time=2026-05-23T11:57:29.718-04:00 level=INFO msg="uv: screen.Flush called"
time=2026-05-23T11:57:29.876-04:00 level=INFO msg="engine: draining events" raw_events=1 coalesced_events=2 dropped_events=6 batchCounter=7 eventsCounter=8
time=2026-05-23T11:57:29.876-04:00 level=INFO msg="engine: layout phase" viewport="{Width:80 Height:29}"
time=2026-05-23T11:57:29.876-04:00 level=INFO msg="engine: layout complete" duration_ms=0
time=2026-05-23T11:57:29.876-04:00 level=INFO msg="engine: determining cursor for focused target"
time=2026-05-23T11:57:29.876-04:00 level=INFO msg="engine: checking paint phase" flags=132
time=2026-05-23T11:57:29.876-04:00 level=INFO msg="engine: painting main content"
time=2026-05-23T11:57:29.876-04:00 level=INFO msg="engine: painting overlay"
time=2026-05-23T11:57:29.876-04:00 level=INFO msg="engine: frame committed" version=6
time=2026-05-23T11:57:29.876-04:00 level=INFO msg="uv: renderFrame started" width=80 height=29
time=2026-05-23T11:57:29.877-04:00 level=INFO msg="uv: screen.Flush called"
time=2026-05-23T11:57:30.484-04:00 level=INFO msg="engine: draining events" raw_events=1 coalesced_events=1 dropped_events=8 batchCounter=8 eventsCounter=9
time=2026-05-23T11:57:30.484-04:00 level=INFO msg="engine: layout phase" viewport="{Width:80 Height:29}"
time=2026-05-23T11:57:30.485-04:00 level=INFO msg="engine: layout complete" duration_ms=0
time=2026-05-23T11:57:30.485-04:00 level=INFO msg="engine: determining cursor for focused target"
time=2026-05-23T11:57:30.485-04:00 level=INFO msg="engine: checking paint phase" flags=132
time=2026-05-23T11:57:30.487-04:00 level=INFO msg="engine: painting main content"
time=2026-05-23T11:57:30.487-04:00 level=INFO msg="engine: frame committed" version=7
time=2026-05-23T11:57:30.487-04:00 level=INFO msg="uv: renderFrame started" width=80 height=29
time=2026-05-23T11:57:30.487-04:00 level=INFO msg="uv: screen.Flush called"
time=2026-05-23T11:57:30.676-04:00 level=INFO msg="engine: draining events" raw_events=1 coalesced_events=2 dropped_events=8 batchCounter=9 eventsCounter=10
time=2026-05-23T11:57:30.676-04:00 level=INFO msg="engine: layout phase" viewport="{Width:80 Height:29}"
time=2026-05-23T11:57:30.676-04:00 level=INFO msg="engine: layout complete" duration_ms=0
time=2026-05-23T11:57:30.676-04:00 level=INFO msg="engine: determining cursor for focused target"
time=2026-05-23T11:57:30.676-04:00 level=INFO msg="engine: checking paint phase" flags=132
time=2026-05-23T11:57:30.676-04:00 level=INFO msg="engine: painting main content"
time=2026-05-23T11:57:30.676-04:00 level=INFO msg="engine: painting overlay"
time=2026-05-23T11:57:30.677-04:00 level=INFO msg="engine: frame committed" version=8
time=2026-05-23T11:57:30.677-04:00 level=INFO msg="uv: renderFrame started" width=80 height=29
time=2026-05-23T11:57:30.677-04:00 level=INFO msg="uv: screen.Flush called"
time=2026-05-23T11:57:31.540-04:00 level=INFO msg="engine: draining events" raw_events=1 coalesced_events=1 dropped_events=10 batchCounter=10 eventsCounter=11
time=2026-05-23T11:57:31.540-04:00 level=INFO msg="engine: layout phase" viewport="{Width:80 Height:29}"
time=2026-05-23T11:57:31.540-04:00 level=INFO msg="engine: layout complete" duration_ms=0
time=2026-05-23T11:57:31.540-04:00 level=INFO msg="engine: determining cursor for focused target"
time=2026-05-23T11:57:31.540-04:00 level=INFO msg="engine: checking paint phase" flags=4
time=2026-05-23T11:57:31.540-04:00 level=INFO msg="engine: painting main content"
time=2026-05-23T11:57:31.540-04:00 level=INFO msg="engine: frame committed" version=9
time=2026-05-23T11:57:31.540-04:00 level=INFO msg="uv: renderFrame started" width=80 height=29
time=2026-05-23T11:57:31.540-04:00 level=INFO msg="uv: screen.Flush called"
time=2026-05-23T11:57:31.772-04:00 level=INFO msg="engine: draining events" raw_events=1 coalesced_events=2 dropped_events=10 batchCounter=11 eventsCounter=12
time=2026-05-23T11:57:32.212-04:00 level=INFO msg="engine: draining events" raw_events=1 coalesced_events=1 dropped_events=12 batchCounter=12 eventsCounter=13
time=2026-05-23T11:57:32.379-04:00 level=INFO msg="engine: draining events" raw_events=1 coalesced_events=2 dropped_events=12 batchCounter=13 eventsCounter=14
time=2026-05-23T11:57:32.756-04:00 level=INFO msg="engine: draining events" raw_events=1 coalesced_events=1 dropped_events=14 batchCounter=14 eventsCounter=15
time=2026-05-23T11:57:32.860-04:00 level=INFO msg="engine: draining events" raw_events=1 coalesced_events=2 dropped_events=14 batchCounter=15 eventsCounter=16
time=2026-05-23T11:57:33.220-04:00 level=INFO msg="engine: draining events" raw_events=1 coalesced_events=1 dropped_events=16 batchCounter=16 eventsCounter=17
time=2026-05-23T11:57:33.221-04:00 level=INFO msg="engine: determining cursor for focused target"
time=2026-05-23T11:57:33.222-04:00 level=INFO msg="engine: checking paint phase" flags=128
time=2026-05-23T11:57:33.222-04:00 level=INFO msg="engine: painting main content"
time=2026-05-23T11:57:33.223-04:00 level=INFO msg="engine: frame committed" version=10
time=2026-05-23T11:57:33.223-04:00 level=INFO msg="uv: renderFrame started" width=80 height=29
time=2026-05-23T11:57:33.223-04:00 level=INFO msg="uv: screen.Flush called"
time=2026-05-23T11:57:33.356-04:00 level=INFO msg="engine: draining events" raw_events=1 coalesced_events=2 dropped_events=16 batchCounter=17 eventsCounter=18
time=2026-05-23T11:57:33.357-04:00 level=INFO msg="engine: layout phase" viewport="{Width:80 Height:29}"
time=2026-05-23T11:57:33.358-04:00 level=INFO msg="engine: layout complete" duration_ms=0
time=2026-05-23T11:57:33.358-04:00 level=INFO msg="engine: determining cursor for focused target"
time=2026-05-23T11:57:33.358-04:00 level=INFO msg="engine: checking paint phase" flags=132
time=2026-05-23T11:57:33.358-04:00 level=INFO msg="engine: painting main content"
time=2026-05-23T11:57:33.358-04:00 level=INFO msg="engine: painting overlay"
time=2026-05-23T11:57:33.359-04:00 level=INFO msg="engine: frame committed" version=11
time=2026-05-23T11:57:33.359-04:00 level=INFO msg="uv: renderFrame started" width=80 height=29
time=2026-05-23T11:57:33.360-04:00 level=INFO msg="uv: screen.Flush called"
time=2026-05-23T11:57:33.988-04:00 level=INFO msg="engine: draining events" raw_events=1 coalesced_events=1 dropped_events=18 batchCounter=18 eventsCounter=19
time=2026-05-23T11:57:33.988-04:00 level=INFO msg="engine: layout phase" viewport="{Width:80 Height:29}"
time=2026-05-23T11:57:33.988-04:00 level=INFO msg="engine: layout complete" duration_ms=0
time=2026-05-23T11:57:33.988-04:00 level=INFO msg="engine: determining cursor for focused target"
time=2026-05-23T11:57:33.988-04:00 level=INFO msg="engine: checking paint phase" flags=4
time=2026-05-23T11:57:33.988-04:00 level=INFO msg="engine: painting main content"
time=2026-05-23T11:57:33.991-04:00 level=INFO msg="engine: frame committed" version=12
time=2026-05-23T11:57:33.991-04:00 level=INFO msg="uv: renderFrame started" width=80 height=29
time=2026-05-23T11:57:33.992-04:00 level=INFO msg="uv: screen.Flush called"
time=2026-05-23T11:57:34.132-04:00 level=INFO msg="engine: draining events" raw_events=1 coalesced_events=2 dropped_events=18 batchCounter=19 eventsCounter=20
time=2026-05-23T11:57:34.804-04:00 level=INFO msg="engine: draining events" raw_events=1 coalesced_events=1 dropped_events=20 batchCounter=20 eventsCounter=21
time=2026-05-23T11:57:34.804-04:00 level=INFO msg="engine: determining cursor for focused target"
time=2026-05-23T11:57:34.804-04:00 level=INFO msg="engine: checking paint phase" flags=128
time=2026-05-23T11:57:34.804-04:00 level=INFO msg="engine: painting main content"
time=2026-05-23T11:57:34.804-04:00 level=INFO msg="engine: frame committed" version=13
time=2026-05-23T11:57:34.804-04:00 level=INFO msg="uv: renderFrame started" width=80 height=29
time=2026-05-23T11:57:34.804-04:00 level=INFO msg="uv: screen.Flush called"
time=2026-05-23T11:57:34.995-04:00 level=INFO msg="engine: draining events" raw_events=1 coalesced_events=2 dropped_events=20 batchCounter=21 eventsCounter=22
time=2026-05-23T11:57:34.995-04:00 level=INFO msg="engine: layout phase" viewport="{Width:80 Height:29}"
time=2026-05-23T11:57:34.995-04:00 level=INFO msg="engine: layout complete" duration_ms=0
time=2026-05-23T11:57:34.995-04:00 level=INFO msg="engine: determining cursor for focused target"
time=2026-05-23T11:57:34.995-04:00 level=INFO msg="engine: checking paint phase" flags=132
time=2026-05-23T11:57:34.995-04:00 level=INFO msg="engine: painting main content"
time=2026-05-23T11:57:34.996-04:00 level=INFO msg="engine: painting overlay"
time=2026-05-23T11:57:34.996-04:00 level=INFO msg="engine: frame committed" version=14
time=2026-05-23T11:57:34.996-04:00 level=INFO msg="uv: renderFrame started" width=80 height=29
time=2026-05-23T11:57:34.997-04:00 level=INFO msg="uv: screen.Flush called"
time=2026-05-23T11:57:35.771-04:00 level=INFO msg="engine: draining events" raw_events=1 coalesced_events=1 dropped_events=22 batchCounter=22 eventsCounter=23
time=2026-05-23T11:57:35.772-04:00 level=INFO msg="engine: layout phase" viewport="{Width:80 Height:29}"
time=2026-05-23T11:57:35.773-04:00 level=INFO msg="engine: layout complete" duration_ms=0
time=2026-05-23T11:57:35.773-04:00 level=INFO msg="engine: determining cursor for focused target"
time=2026-05-23T11:57:35.773-04:00 level=INFO msg="engine: checking paint phase" flags=132
time=2026-05-23T11:57:35.773-04:00 level=INFO msg="engine: painting main content"
time=2026-05-23T11:57:35.773-04:00 level=INFO msg="engine: frame committed" version=15
time=2026-05-23T11:57:35.773-04:00 level=INFO msg="uv: renderFrame started" width=80 height=29
time=2026-05-23T11:57:35.774-04:00 level=INFO msg="uv: screen.Flush called"
time=2026-05-23T11:57:35.956-04:00 level=INFO msg="engine: draining events" raw_events=1 coalesced_events=2 dropped_events=22 batchCounter=23 eventsCounter=24
time=2026-05-23T11:57:35.957-04:00 level=INFO msg="engine: layout phase" viewport="{Width:80 Height:29}"
time=2026-05-23T11:57:35.960-04:00 level=INFO msg="engine: layout complete" duration_ms=3
time=2026-05-23T11:57:35.960-04:00 level=INFO msg="engine: determining cursor for focused target"
time=2026-05-23T11:57:35.961-04:00 level=INFO msg="engine: checking paint phase" flags=132
time=2026-05-23T11:57:35.961-04:00 level=INFO msg="engine: painting main content"
time=2026-05-23T11:57:35.961-04:00 level=INFO msg="engine: painting overlay"
time=2026-05-23T11:57:35.961-04:00 level=INFO msg="engine: frame committed" version=16
time=2026-05-23T11:57:35.961-04:00 level=INFO msg="uv: renderFrame started" width=80 height=29
time=2026-05-23T11:57:35.962-04:00 level=INFO msg="uv: screen.Flush called"
time=2026-05-23T11:57:38.140-04:00 level=INFO msg="engine: draining events" raw_events=1 coalesced_events=1 dropped_events=24 batchCounter=24 eventsCounter=25
time=2026-05-23T11:57:38.140-04:00 level=INFO msg="engine: layout phase" viewport="{Width:80 Height:29}"
time=2026-05-23T11:57:38.140-04:00 level=INFO msg="engine: layout complete" duration_ms=0
time=2026-05-23T11:57:38.140-04:00 level=INFO msg="engine: determining cursor for focused target"
time=2026-05-23T11:57:38.140-04:00 level=INFO msg="engine: checking paint phase" flags=132
time=2026-05-23T11:57:38.140-04:00 level=INFO msg="engine: painting main content"
time=2026-05-23T11:57:38.140-04:00 level=INFO msg="engine: frame committed" version=17
time=2026-05-23T11:57:38.140-04:00 level=INFO msg="uv: renderFrame started" width=80 height=29
time=2026-05-23T11:57:38.140-04:00 level=INFO msg="uv: screen.Flush called"
time=2026-05-23T11:57:38.276-04:00 level=INFO msg="engine: draining events" raw_events=1 coalesced_events=2 dropped_events=24 batchCounter=25 eventsCounter=26
time=2026-05-23T11:57:38.277-04:00 level=INFO msg="engine: layout phase" viewport="{Width:80 Height:29}"
time=2026-05-23T11:57:38.277-04:00 level=INFO msg="engine: layout complete" duration_ms=0
time=2026-05-23T11:57:38.277-04:00 level=INFO msg="engine: determining cursor for focused target"
time=2026-05-23T11:57:38.277-04:00 level=INFO msg="engine: checking paint phase" flags=132
time=2026-05-23T11:57:38.277-04:00 level=INFO msg="engine: painting main content"
time=2026-05-23T11:57:38.277-04:00 level=INFO msg="engine: painting overlay"
time=2026-05-23T11:57:38.278-04:00 level=INFO msg="engine: frame committed" version=18
time=2026-05-23T11:57:38.278-04:00 level=INFO msg="uv: renderFrame started" width=80 height=29
time=2026-05-23T11:57:38.278-04:00 level=INFO msg="uv: screen.Flush called"
time=2026-05-23T11:57:38.819-04:00 level=INFO msg="engine: draining events" raw_events=1 coalesced_events=1 dropped_events=26 batchCounter=26 eventsCounter=27
time=2026-05-23T11:57:38.820-04:00 level=INFO msg="engine: layout phase" viewport="{Width:80 Height:29}"
time=2026-05-23T11:57:38.820-04:00 level=INFO msg="engine: layout complete" duration_ms=0
time=2026-05-23T11:57:38.820-04:00 level=INFO msg="engine: determining cursor for focused target"
time=2026-05-23T11:57:38.820-04:00 level=INFO msg="engine: checking paint phase" flags=132
time=2026-05-23T11:57:38.820-04:00 level=INFO msg="engine: painting main content"
time=2026-05-23T11:57:38.821-04:00 level=INFO msg="engine: frame committed" version=19
time=2026-05-23T11:57:38.822-04:00 level=INFO msg="uv: renderFrame started" width=80 height=29
time=2026-05-23T11:57:38.823-04:00 level=INFO msg="uv: screen.Flush called"
time=2026-05-23T11:57:38.939-04:00 level=INFO msg="engine: draining events" raw_events=1 coalesced_events=2 dropped_events=26 batchCounter=27 eventsCounter=28
time=2026-05-23T11:57:38.940-04:00 level=INFO msg="engine: layout phase" viewport="{Width:80 Height:29}"
time=2026-05-23T11:57:38.940-04:00 level=INFO msg="engine: layout complete" duration_ms=0
time=2026-05-23T11:57:38.940-04:00 level=INFO msg="engine: determining cursor for focused target"
time=2026-05-23T11:57:38.940-04:00 level=INFO msg="engine: checking paint phase" flags=132
time=2026-05-23T11:57:38.942-04:00 level=INFO msg="engine: painting main content"
time=2026-05-23T11:57:38.943-04:00 level=INFO msg="engine: painting overlay"
time=2026-05-23T11:57:38.944-04:00 level=INFO msg="engine: frame committed" version=20
time=2026-05-23T11:57:38.944-04:00 level=INFO msg="uv: renderFrame started" width=80 height=29
time=2026-05-23T11:57:38.944-04:00 level=INFO msg="uv: screen.Flush called"
time=2026-05-23T11:57:39.547-04:00 level=INFO msg="engine: draining events" raw_events=1 coalesced_events=1 dropped_events=28 batchCounter=28 eventsCounter=29
time=2026-05-23T11:57:39.548-04:00 level=INFO msg="engine: layout phase" viewport="{Width:80 Height:29}"
time=2026-05-23T11:57:39.548-04:00 level=INFO msg="engine: layout complete" duration_ms=0
time=2026-05-23T11:57:39.548-04:00 level=INFO msg="engine: determining cursor for focused target"
time=2026-05-23T11:57:39.548-04:00 level=INFO msg="engine: checking paint phase" flags=132
time=2026-05-23T11:57:39.548-04:00 level=INFO msg="engine: painting main content"
time=2026-05-23T11:57:39.548-04:00 level=INFO msg="engine: frame committed" version=21
time=2026-05-23T11:57:39.548-04:00 level=INFO msg="uv: renderFrame started" width=80 height=29
time=2026-05-23T11:57:39.548-04:00 level=INFO msg="uv: screen.Flush called"
time=2026-05-23T11:57:39.652-04:00 level=INFO msg="engine: draining events" raw_events=1 coalesced_events=2 dropped_events=28 batchCounter=29 eventsCounter=30
time=2026-05-23T11:57:39.652-04:00 level=INFO msg="engine: layout phase" viewport="{Width:80 Height:29}"
time=2026-05-23T11:57:39.652-04:00 level=INFO msg="engine: layout complete" duration_ms=0
time=2026-05-23T11:57:39.652-04:00 level=INFO msg="engine: determining cursor for focused target"
time=2026-05-23T11:57:39.652-04:00 level=INFO msg="engine: checking paint phase" flags=132
time=2026-05-23T11:57:39.652-04:00 level=INFO msg="engine: painting main content"
time=2026-05-23T11:57:39.652-04:00 level=INFO msg="engine: painting overlay"
time=2026-05-23T11:57:39.652-04:00 level=INFO msg="engine: frame committed" version=22
time=2026-05-23T11:57:39.652-04:00 level=INFO msg="uv: renderFrame started" width=80 height=29
time=2026-05-23T11:57:39.652-04:00 level=INFO msg="uv: screen.Flush called"
time=2026-05-23T11:57:40.572-04:00 level=INFO msg="engine: draining events" raw_events=1 coalesced_events=1 dropped_events=30 batchCounter=30 eventsCounter=31
time=2026-05-23T11:57:40.573-04:00 level=INFO msg="engine: layout phase" viewport="{Width:80 Height:29}"
time=2026-05-23T11:57:40.573-04:00 level=INFO msg="engine: layout complete" duration_ms=0
time=2026-05-23T11:57:40.573-04:00 level=INFO msg="engine: determining cursor for focused target"
time=2026-05-23T11:57:40.573-04:00 level=INFO msg="engine: checking paint phase" flags=132
time=2026-05-23T11:57:40.573-04:00 level=INFO msg="engine: painting main content"
time=2026-05-23T11:57:40.574-04:00 level=INFO msg="engine: frame committed" version=23
time=2026-05-23T11:57:40.574-04:00 level=INFO msg="uv: renderFrame started" width=80 height=29
time=2026-05-23T11:57:40.574-04:00 level=INFO msg="uv: screen.Flush called"
time=2026-05-23T11:57:40.771-04:00 level=INFO msg="engine: draining events" raw_events=1 coalesced_events=2 dropped_events=30 batchCounter=31 eventsCounter=32
time=2026-05-23T11:57:40.772-04:00 level=INFO msg="engine: layout phase" viewport="{Width:80 Height:29}"
time=2026-05-23T11:57:40.773-04:00 level=INFO msg="engine: layout complete" duration_ms=0
time=2026-05-23T11:57:40.773-04:00 level=INFO msg="engine: determining cursor for focused target"
time=2026-05-23T11:57:40.773-04:00 level=INFO msg="engine: checking paint phase" flags=132
time=2026-05-23T11:57:40.773-04:00 level=INFO msg="engine: painting main content"
time=2026-05-23T11:57:40.773-04:00 level=INFO msg="engine: painting overlay"
time=2026-05-23T11:57:40.774-04:00 level=INFO msg="engine: frame committed" version=24
time=2026-05-23T11:57:40.774-04:00 level=INFO msg="uv: renderFrame started" width=80 height=29
time=2026-05-23T11:57:40.775-04:00 level=INFO msg="uv: screen.Flush called"
time=2026-05-23T11:57:43.420-04:00 level=INFO msg="engine: draining events" raw_events=1 coalesced_events=1 dropped_events=32 batchCounter=32 eventsCounter=33
time=2026-05-23T11:57:43.420-04:00 level=INFO msg="engine: layout phase" viewport="{Width:80 Height:29}"
time=2026-05-23T11:57:43.420-04:00 level=INFO msg="engine: layout complete" duration_ms=0
time=2026-05-23T11:57:43.420-04:00 level=INFO msg="engine: determining cursor for focused target"
time=2026-05-23T11:57:43.420-04:00 level=INFO msg="engine: checking paint phase" flags=132
time=2026-05-23T11:57:43.420-04:00 level=INFO msg="engine: painting main content"
time=2026-05-23T11:57:43.422-04:00 level=INFO msg="engine: frame committed" version=25
time=2026-05-23T11:57:43.422-04:00 level=INFO msg="uv: renderFrame started" width=80 height=29
time=2026-05-23T11:57:43.423-04:00 level=INFO msg="uv: screen.Flush called"
time=2026-05-23T11:57:43.652-04:00 level=INFO msg="engine: draining events" raw_events=1 coalesced_events=2 dropped_events=32 batchCounter=33 eventsCounter=34
time=2026-05-23T11:57:43.652-04:00 level=INFO msg="engine: layout phase" viewport="{Width:80 Height:29}"
time=2026-05-23T11:57:43.653-04:00 level=INFO msg="engine: layout complete" duration_ms=0
time=2026-05-23T11:57:43.653-04:00 level=INFO msg="engine: determining cursor for focused target"
time=2026-05-23T11:57:43.653-04:00 level=INFO msg="engine: checking paint phase" flags=132
time=2026-05-23T11:57:43.653-04:00 level=INFO msg="engine: painting main content"
time=2026-05-23T11:57:43.654-04:00 level=INFO msg="engine: painting overlay"
time=2026-05-23T11:57:43.656-04:00 level=INFO msg="engine: frame committed" version=26
time=2026-05-23T11:57:43.656-04:00 level=INFO msg="uv: renderFrame started" width=80 height=29
time=2026-05-23T11:57:43.656-04:00 level=INFO msg="uv: screen.Flush called"
time=2026-05-23T11:57:44.443-04:00 level=INFO msg="engine: draining events" raw_events=1 coalesced_events=1 dropped_events=34 batchCounter=34 eventsCounter=35
time=2026-05-23T11:57:44.443-04:00 level=INFO msg="engine: layout phase" viewport="{Width:80 Height:29}"
time=2026-05-23T11:57:44.443-04:00 level=INFO msg="engine: layout complete" duration_ms=0
time=2026-05-23T11:57:44.443-04:00 level=INFO msg="engine: determining cursor for focused target"
time=2026-05-23T11:57:44.443-04:00 level=INFO msg="engine: checking paint phase" flags=132
time=2026-05-23T11:57:44.443-04:00 level=INFO msg="engine: painting main content"
time=2026-05-23T11:57:44.443-04:00 level=INFO msg="engine: frame committed" version=27
time=2026-05-23T11:57:44.443-04:00 level=INFO msg="uv: renderFrame started" width=80 height=29
time=2026-05-23T11:57:44.444-04:00 level=INFO msg="uv: screen.Flush called"
time=2026-05-23T11:57:44.660-04:00 level=INFO msg="engine: draining events" raw_events=1 coalesced_events=2 dropped_events=34 batchCounter=35 eventsCounter=36
time=2026-05-23T11:57:44.660-04:00 level=INFO msg="engine: layout phase" viewport="{Width:80 Height:29}"
time=2026-05-23T11:57:44.661-04:00 level=INFO msg="engine: layout complete" duration_ms=0
time=2026-05-23T11:57:44.661-04:00 level=INFO msg="engine: determining cursor for focused target"
time=2026-05-23T11:57:44.661-04:00 level=INFO msg="engine: checking paint phase" flags=132
time=2026-05-23T11:57:44.661-04:00 level=INFO msg="engine: painting main content"
time=2026-05-23T11:57:44.661-04:00 level=INFO msg="engine: painting overlay"
time=2026-05-23T11:57:44.662-04:00 level=INFO msg="engine: frame committed" version=28
time=2026-05-23T11:57:44.662-04:00 level=INFO msg="uv: renderFrame started" width=80 height=29
time=2026-05-23T11:57:44.663-04:00 level=INFO msg="uv: screen.Flush called"
time=2026-05-23T11:57:45.580-04:00 level=INFO msg="engine: draining events" raw_events=1 coalesced_events=1 dropped_events=36 batchCounter=36 eventsCounter=37
time=2026-05-23T11:57:45.580-04:00 level=INFO msg="engine: layout phase" viewport="{Width:80 Height:29}"
time=2026-05-23T11:57:45.580-04:00 level=INFO msg="engine: layout complete" duration_ms=0
time=2026-05-23T11:57:45.581-04:00 level=INFO msg="engine: determining cursor for focused target"
time=2026-05-23T11:57:45.581-04:00 level=INFO msg="engine: checking paint phase" flags=132
time=2026-05-23T11:57:45.581-04:00 level=INFO msg="engine: painting main content"
time=2026-05-23T11:57:45.583-04:00 level=INFO msg="engine: frame committed" version=29
time=2026-05-23T11:57:45.583-04:00 level=INFO msg="uv: renderFrame started" width=80 height=29
time=2026-05-23T11:57:45.584-04:00 level=INFO msg="uv: screen.Flush called"
time=2026-05-23T11:57:45.820-04:00 level=INFO msg="engine: draining events" raw_events=1 coalesced_events=2 dropped_events=36 batchCounter=37 eventsCounter=38
time=2026-05-23T11:57:45.820-04:00 level=INFO msg="engine: layout phase" viewport="{Width:80 Height:29}"
time=2026-05-23T11:57:45.820-04:00 level=INFO msg="engine: layout complete" duration_ms=0
time=2026-05-23T11:57:45.820-04:00 level=INFO msg="engine: determining cursor for focused target"
time=2026-05-23T11:57:45.820-04:00 level=INFO msg="engine: checking paint phase" flags=132
time=2026-05-23T11:57:45.820-04:00 level=INFO msg="engine: painting main content"
time=2026-05-23T11:57:45.821-04:00 level=INFO msg="engine: painting overlay"
time=2026-05-23T11:57:45.823-04:00 level=INFO msg="engine: frame committed" version=30
time=2026-05-23T11:57:45.823-04:00 level=INFO msg="uv: renderFrame started" width=80 height=29
time=2026-05-23T11:57:45.824-04:00 level=INFO msg="uv: screen.Flush called"
time=2026-05-23T11:57:46.700-04:00 level=INFO msg="engine: draining events" raw_events=1 coalesced_events=1 dropped_events=38 batchCounter=38 eventsCounter=39
time=2026-05-23T11:57:46.700-04:00 level=INFO msg="engine: layout phase" viewport="{Width:80 Height:29}"
time=2026-05-23T11:57:46.700-04:00 level=INFO msg="engine: layout complete" duration_ms=0
time=2026-05-23T11:57:46.700-04:00 level=INFO msg="engine: determining cursor for focused target"
time=2026-05-23T11:57:46.700-04:00 level=INFO msg="engine: checking paint phase" flags=132
time=2026-05-23T11:57:46.700-04:00 level=INFO msg="engine: painting main content"
time=2026-05-23T11:57:46.701-04:00 level=INFO msg="engine: frame committed" version=31
time=2026-05-23T11:57:46.701-04:00 level=INFO msg="uv: renderFrame started" width=80 height=29
time=2026-05-23T11:57:46.702-04:00 level=INFO msg="uv: screen.Flush called"
time=2026-05-23T11:57:47.004-04:00 level=INFO msg="engine: draining events" raw_events=1 coalesced_events=2 dropped_events=38 batchCounter=39 eventsCounter=40
time=2026-05-23T11:57:47.004-04:00 level=INFO msg="engine: layout phase" viewport="{Width:80 Height:29}"
time=2026-05-23T11:57:47.004-04:00 level=INFO msg="engine: layout complete" duration_ms=0
time=2026-05-23T11:57:47.004-04:00 level=INFO msg="engine: determining cursor for focused target"
time=2026-05-23T11:57:47.004-04:00 level=INFO msg="engine: checking paint phase" flags=132
time=2026-05-23T11:57:47.004-04:00 level=INFO msg="engine: painting main content"
time=2026-05-23T11:57:47.005-04:00 level=INFO msg="engine: painting overlay"
time=2026-05-23T11:57:47.011-04:00 level=INFO msg="engine: frame committed" version=32
time=2026-05-23T11:57:47.011-04:00 level=INFO msg="uv: renderFrame started" width=80 height=29
time=2026-05-23T11:57:47.011-04:00 level=INFO msg="uv: screen.Flush called"
time=2026-05-23T11:57:47.820-04:00 level=INFO msg="engine: draining events" raw_events=1 coalesced_events=1 dropped_events=40 batchCounter=40 eventsCounter=41
time=2026-05-23T11:57:47.820-04:00 level=INFO msg="engine: layout phase" viewport="{Width:80 Height:29}"
time=2026-05-23T11:57:47.820-04:00 level=INFO msg="engine: layout complete" duration_ms=0
time=2026-05-23T11:57:47.820-04:00 level=INFO msg="engine: determining cursor for focused target"
time=2026-05-23T11:57:47.820-04:00 level=INFO msg="engine: checking paint phase" flags=4
time=2026-05-23T11:57:47.820-04:00 level=INFO msg="engine: painting main content"
time=2026-05-23T11:57:47.822-04:00 level=INFO msg="engine: frame committed" version=33
time=2026-05-23T11:57:47.822-04:00 level=INFO msg="uv: renderFrame started" width=80 height=29
time=2026-05-23T11:57:47.822-04:00 level=INFO msg="uv: screen.Flush called"
time=2026-05-23T11:57:48.011-04:00 level=INFO msg="engine: draining events" raw_events=1 coalesced_events=2 dropped_events=40 batchCounter=41 eventsCounter=42
